<?xml version="1.0" encoding="UTF-8"?>
<!-- Generated by org.testng.reporters.JUnitReportReporter -->
<testsuite name="com.Zap.GE.Test.Test1" tests="1" time="195.604" ignored="0" failures="0" timestamp="17 Jan 2022 08:40:28 GMT" skipped="0" hostname="L1000118624" errors="0">
  <testcase name="zapTest" time="195.604" classname="com.Zap.GE.Test.Test1"/>
</testsuite> <!-- com.Zap.GE.Test.Test1 -->
